CRITICAL - 2024-02-22 21:20:24 --> Error: Array callback has to contain indices 0 and 1
in APPPATH/Controllers/CineUbam.php on line 13.
 1 SYSTEMPATH/CodeIgniter.php(941): App\Controllers\CineUbam->agregarPelicula()
 2 SYSTEMPATH/CodeIgniter.php(502): CodeIgniter\CodeIgniter->runController(Object(App\Controllers\CineUbam))
 3 SYSTEMPATH/CodeIgniter.php(361): CodeIgniter\CodeIgniter->handleRequest(null, Object(Config\Cache), false)
 4 FCPATH/index.php(79): CodeIgniter\CodeIgniter->run()
CRITICAL - 2024-02-22 21:20:24 --> Error: Array callback has to contain indices 0 and 1
in APPPATH/Controllers/CineUbam.php on line 13.
 1 SYSTEMPATH/CodeIgniter.php(941): App\Controllers\CineUbam->agregarPelicula()
 2 SYSTEMPATH/CodeIgniter.php(502): CodeIgniter\CodeIgniter->runController(Object(App\Controllers\CineUbam))
 3 SYSTEMPATH/CodeIgniter.php(361): CodeIgniter\CodeIgniter->handleRequest(null, Object(Config\Cache), false)
 4 FCPATH/index.php(79): CodeIgniter\CodeIgniter->run()
CRITICAL - 2024-02-22 21:21:05 --> ErrorException: Trying to access array offset on value of type null
in APPPATH/Controllers/CineUbam.php on line 16.
 1 APPPATH/Controllers/CineUbam.php(16): CodeIgniter\Debug\Exceptions->errorHandler(2, 'Trying to access array offset on value of type null', '/Applications/MAMP/htdocs/GitProyectoCI4/app/Controllers/CineUbam.php', 16)
 2 SYSTEMPATH/CodeIgniter.php(941): App\Controllers\CineUbam->agregarPelicula()
 3 SYSTEMPATH/CodeIgniter.php(502): CodeIgniter\CodeIgniter->runController(Object(App\Controllers\CineUbam))
 4 SYSTEMPATH/CodeIgniter.php(361): CodeIgniter\CodeIgniter->handleRequest(null, Object(Config\Cache), false)
 5 FCPATH/index.php(79): CodeIgniter\CodeIgniter->run()
CRITICAL - 2024-02-22 21:23:02 --> Error: Call to a member function getName() on null
in APPPATH/Controllers/CineUbam.php on line 16.
 1 SYSTEMPATH/CodeIgniter.php(941): App\Controllers\CineUbam->agregarPelicula()
 2 SYSTEMPATH/CodeIgniter.php(502): CodeIgniter\CodeIgniter->runController(Object(App\Controllers\CineUbam))
 3 SYSTEMPATH/CodeIgniter.php(361): CodeIgniter\CodeIgniter->handleRequest(null, Object(Config\Cache), false)
 4 FCPATH/index.php(79): CodeIgniter\CodeIgniter->run()
CRITICAL - 2024-02-22 21:24:27 --> Error: Call to a member function getName() on null
in APPPATH/Controllers/CineUbam.php on line 16.
 1 SYSTEMPATH/CodeIgniter.php(941): App\Controllers\CineUbam->agregarPelicula()
 2 SYSTEMPATH/CodeIgniter.php(502): CodeIgniter\CodeIgniter->runController(Object(App\Controllers\CineUbam))
 3 SYSTEMPATH/CodeIgniter.php(361): CodeIgniter\CodeIgniter->handleRequest(null, Object(Config\Cache), false)
 4 FCPATH/index.php(79): CodeIgniter\CodeIgniter->run()
CRITICAL - 2024-02-22 21:25:10 --> Error: Call to a member function getName() on null
in APPPATH/Controllers/CineUbam.php on line 16.
 1 SYSTEMPATH/CodeIgniter.php(941): App\Controllers\CineUbam->agregarPelicula()
 2 SYSTEMPATH/CodeIgniter.php(502): CodeIgniter\CodeIgniter->runController(Object(App\Controllers\CineUbam))
 3 SYSTEMPATH/CodeIgniter.php(361): CodeIgniter\CodeIgniter->handleRequest(null, Object(Config\Cache), false)
 4 FCPATH/index.php(79): CodeIgniter\CodeIgniter->run()
CRITICAL - 2024-02-22 21:27:01 --> Error: Call to a member function getName() on string
in APPPATH/Controllers/CineUbam.php on line 16.
 1 SYSTEMPATH/CodeIgniter.php(941): App\Controllers\CineUbam->agregarPelicula()
 2 SYSTEMPATH/CodeIgniter.php(502): CodeIgniter\CodeIgniter->runController(Object(App\Controllers\CineUbam))
 3 SYSTEMPATH/CodeIgniter.php(361): CodeIgniter\CodeIgniter->handleRequest(null, Object(Config\Cache), false)
 4 FCPATH/index.php(79): CodeIgniter\CodeIgniter->run()
CRITICAL - 2024-02-22 21:27:07 --> Error: Call to a member function getName() on string
in APPPATH/Controllers/CineUbam.php on line 16.
 1 SYSTEMPATH/CodeIgniter.php(941): App\Controllers\CineUbam->agregarPelicula()
 2 SYSTEMPATH/CodeIgniter.php(502): CodeIgniter\CodeIgniter->runController(Object(App\Controllers\CineUbam))
 3 SYSTEMPATH/CodeIgniter.php(361): CodeIgniter\CodeIgniter->handleRequest(null, Object(Config\Cache), false)
 4 FCPATH/index.php(79): CodeIgniter\CodeIgniter->run()
CRITICAL - 2024-02-22 21:29:46 --> Error: Call to a member function isValid() on null
in APPPATH/Controllers/CineUbam.php on line 16.
 1 SYSTEMPATH/CodeIgniter.php(941): App\Controllers\CineUbam->agregarPelicula()
 2 SYSTEMPATH/CodeIgniter.php(502): CodeIgniter\CodeIgniter->runController(Object(App\Controllers\CineUbam))
 3 SYSTEMPATH/CodeIgniter.php(361): CodeIgniter\CodeIgniter->handleRequest(null, Object(Config\Cache), false)
 4 FCPATH/index.php(79): CodeIgniter\CodeIgniter->run()
CRITICAL - 2024-02-22 21:31:22 --> Error: Call to a member function isValid() on null
in APPPATH/Controllers/CineUbam.php on line 16.
 1 SYSTEMPATH/CodeIgniter.php(941): App\Controllers\CineUbam->agregarPelicula()
 2 SYSTEMPATH/CodeIgniter.php(502): CodeIgniter\CodeIgniter->runController(Object(App\Controllers\CineUbam))
 3 SYSTEMPATH/CodeIgniter.php(361): CodeIgniter\CodeIgniter->handleRequest(null, Object(Config\Cache), false)
 4 FCPATH/index.php(79): CodeIgniter\CodeIgniter->run()
CRITICAL - 2024-02-22 21:33:21 --> Error: Call to a member function isValid() on null
in APPPATH/Controllers/CineUbam.php on line 19.
 1 SYSTEMPATH/CodeIgniter.php(941): App\Controllers\CineUbam->agregarPelicula()
 2 SYSTEMPATH/CodeIgniter.php(502): CodeIgniter\CodeIgniter->runController(Object(App\Controllers\CineUbam))
 3 SYSTEMPATH/CodeIgniter.php(361): CodeIgniter\CodeIgniter->handleRequest(null, Object(Config\Cache), false)
 4 FCPATH/index.php(79): CodeIgniter\CodeIgniter->run()
CRITICAL - 2024-02-22 22:06:36 --> TypeError: CodeIgniter\Validation\Validation::setRules(): Argument #1 ($rules) must be of type array, bool given, called in /Applications/MAMP/htdocs/GitProyectoCI4/system/Controller.php on line 196
in SYSTEMPATH/Validation/Validation.php on line 576.
 1 SYSTEMPATH/Controller.php(196): CodeIgniter\Validation\Validation->setRules(false, [])
 2 SYSTEMPATH/Controller.php(150): CodeIgniter\Controller->setValidator(false, [])
 3 APPPATH/Controllers/CineUbam.php(27): CodeIgniter\Controller->validate(false)
 4 SYSTEMPATH/CodeIgniter.php(941): App\Controllers\CineUbam->agregarPelicula()
 5 SYSTEMPATH/CodeIgniter.php(502): CodeIgniter\CodeIgniter->runController(Object(App\Controllers\CineUbam))
 6 SYSTEMPATH/CodeIgniter.php(361): CodeIgniter\CodeIgniter->handleRequest(null, Object(Config\Cache), false)
 7 FCPATH/index.php(79): CodeIgniter\CodeIgniter->run()
CRITICAL - 2024-02-22 22:09:55 --> TypeError: implode(): Argument #2 ($array) must be of type ?array, string given
in APPPATH/Controllers/CineUbam.php on line 31.
 1 APPPATH/Controllers/CineUbam.php(31): implode(', ', 'image is not a valid uploaded file.')
 2 SYSTEMPATH/CodeIgniter.php(941): App\Controllers\CineUbam->agregarPelicula()
 3 SYSTEMPATH/CodeIgniter.php(502): CodeIgniter\CodeIgniter->runController(Object(App\Controllers\CineUbam))
 4 SYSTEMPATH/CodeIgniter.php(361): CodeIgniter\CodeIgniter->handleRequest(null, Object(Config\Cache), false)
 5 FCPATH/index.php(79): CodeIgniter\CodeIgniter->run()
CRITICAL - 2024-02-22 22:10:01 --> TypeError: implode(): Argument #2 ($array) must be of type ?array, string given
in APPPATH/Controllers/CineUbam.php on line 31.
 1 APPPATH/Controllers/CineUbam.php(31): implode(', ', 'image is not a valid uploaded file.')
 2 SYSTEMPATH/CodeIgniter.php(941): App\Controllers\CineUbam->agregarPelicula()
 3 SYSTEMPATH/CodeIgniter.php(502): CodeIgniter\CodeIgniter->runController(Object(App\Controllers\CineUbam))
 4 SYSTEMPATH/CodeIgniter.php(361): CodeIgniter\CodeIgniter->handleRequest(null, Object(Config\Cache), false)
 5 FCPATH/index.php(79): CodeIgniter\CodeIgniter->run()
